  rasterizer.cpp
C:\Eigen3\Eigen\src\Core\arch\Default\Half.h(1,1): warning C4819: 该文件包含不能在当前代码页(936)中表示的字符。请将该文件保存为 Unicode 格式以防止数据丢失
C:\Eigen3\Eigen\src\Core\arch\Default\BFloat16.h(1,1): warning C4819: 该文件包含不能在当前代码页(936)中表示的字符。请将该文件保存为 Unicode 格式以防止数据丢失
C:\Eigen3\Eigen\src\Core\arch\Default\GenericPacketMathFunctions.h(676,1): warning C4819: 该文件包含不能在当前代码页(936)中表示的字符。请将该文件保存为 Unicode 格式以防止数据丢失
C:\Users\cyh76\Documents\GAMES101\Assignment2\代码框架\rasterizer.cpp(86,32): warning C4305: “初始化”: 从“double”到“float”截断
C:\Users\cyh76\Documents\GAMES101\Assignment2\代码框架\rasterizer.cpp(87,32): warning C4305: “初始化”: 从“double”到“float”截断
C:\Users\cyh76\Documents\GAMES101\Assignment2\代码框架\rasterizer.cpp(105,33): warning C4244: “=”: 从“double”转换到“float”，可能丢失数据
C:\Users\cyh76\Documents\GAMES101\Assignment2\代码框架\rasterizer.cpp(106,34): warning C4244: “=”: 从“double”转换到“float”，可能丢失数据
C:\Users\cyh76\Documents\GAMES101\Assignment2\代码框架\rasterizer.cpp(183,40): warning C4244: “初始化”: 从“double”转换到“float”，可能丢失数据
C:\Users\cyh76\Documents\GAMES101\Assignment2\代码框架\rasterizer.cpp(201,30): warning C4244: “=”: 从“int”转换到“float”，可能丢失数据
C:\Users\cyh76\Documents\GAMES101\Assignment2\代码框架\rasterizer.cpp(202,30): warning C4244: “=”: 从“int”转换到“float”，可能丢失数据
C:\Users\cyh76\Documents\GAMES101\Assignment2\代码框架\rasterizer.cpp(274,15): warning C4244: “参数”: 从“float”转换到“const unsigned __int64”，可能丢失数据
C:\Users\cyh76\Documents\GAMES101\Assignment2\代码框架\rasterizer.cpp(282,22): warning C4244: “参数”: 从“float”转换到“const unsigned __int64”，可能丢失数据
C:\Users\cyh76\Documents\GAMES101\Assignment2\代码框架\rasterizer.cpp(289,15): warning C4244: “参数”: 从“float”转换到“const unsigned __int64”，可能丢失数据
  正在生成代码
  2 of 1671 functions ( 0.1%) were compiled, the rest were copied from previous compilation.
    0 functions were new in current compilation
    66 functions had inline decision re-evaluated but remain unchanged
  已完成代码的生成
  Assignment2.vcxproj -> C:\Users\cyh76\Documents\GitHub\Solutions-GAMES101-CN\Assignment2\x64\Release\Assignment2.exe
