  main.cpp
C:\Eigen3\Eigen\src\Core\arch\Default\Half.h(1,1): warning C4819: 该文件包含不能在当前代码页(936)中表示的字符。请将该文件保存为 Unicode 格式以防止数据丢失
C:\Eigen3\Eigen\src\Core\arch\Default\BFloat16.h(1,1): warning C4819: 该文件包含不能在当前代码页(936)中表示的字符。请将该文件保存为 Unicode 格式以防止数据丢失
C:\Eigen3\Eigen\src\Core\arch\Default\GenericPacketMathFunctions.h(676,1): warning C4819: 该文件包含不能在当前代码页(936)中表示的字符。请将该文件保存为 Unicode 格式以防止数据丢失
C:\Users\cyh76\Documents\GitHub\Solutions-GAMES101-CN\Assignment1\Assignment1\main.cpp(10,27): warning C4244: “return”: 从“long double”转换到“float”，可能丢失数据
C:\Users\cyh76\Documents\GitHub\Solutions-GAMES101-CN\Assignment1\Assignment1\main.cpp(126,62): warning C4305: “参数”: 从“double”到“float”截断
C:\Users\cyh76\Documents\GitHub\Solutions-GAMES101-CN\Assignment1\Assignment1\main.cpp(142,62): warning C4305: “参数”: 从“double”到“float”截断
  rasterizer.cpp
C:\Eigen3\Eigen\src\Core\arch\Default\Half.h(1,1): warning C4819: 该文件包含不能在当前代码页(936)中表示的字符。请将该文件保存为 Unicode 格式以防止数据丢失
C:\Eigen3\Eigen\src\Core\arch\Default\BFloat16.h(1,1): warning C4819: 该文件包含不能在当前代码页(936)中表示的字符。请将该文件保存为 Unicode 格式以防止数据丢失
C:\Eigen3\Eigen\src\Core\arch\Default\GenericPacketMathFunctions.h(676,1): warning C4819: 该文件包含不能在当前代码页(936)中表示的字符。请将该文件保存为 Unicode 格式以防止数据丢失
C:\Users\cyh76\Documents\GitHub\Solutions-GAMES101-CN\Assignment1\Assignment1\rasterizer.cpp(41,10): warning C4244: “=”: 从“float”转换到“int”，可能丢失数据
C:\Users\cyh76\Documents\GitHub\Solutions-GAMES101-CN\Assignment1\Assignment1\rasterizer.cpp(42,10): warning C4244: “=”: 从“float”转换到“int”，可能丢失数据
C:\Users\cyh76\Documents\GitHub\Solutions-GAMES101-CN\Assignment1\Assignment1\rasterizer.cpp(43,13): warning C4244: “=”: 从“double”转换到“int”，可能丢失数据
C:\Users\cyh76\Documents\GitHub\Solutions-GAMES101-CN\Assignment1\Assignment1\rasterizer.cpp(44,13): warning C4244: “=”: 从“double”转换到“int”，可能丢失数据
C:\Users\cyh76\Documents\GitHub\Solutions-GAMES101-CN\Assignment1\Assignment1\rasterizer.cpp(52,15): warning C4244: “=”: 从“float”转换到“int”，可能丢失数据
C:\Users\cyh76\Documents\GitHub\Solutions-GAMES101-CN\Assignment1\Assignment1\rasterizer.cpp(53,15): warning C4244: “=”: 从“float”转换到“int”，可能丢失数据
C:\Users\cyh76\Documents\GitHub\Solutions-GAMES101-CN\Assignment1\Assignment1\rasterizer.cpp(54,16): warning C4244: “=”: 从“float”转换到“int”，可能丢失数据
C:\Users\cyh76\Documents\GitHub\Solutions-GAMES101-CN\Assignment1\Assignment1\rasterizer.cpp(58,15): warning C4244: “=”: 从“float”转换到“int”，可能丢失数据
C:\Users\cyh76\Documents\GitHub\Solutions-GAMES101-CN\Assignment1\Assignment1\rasterizer.cpp(59,15): warning C4244: “=”: 从“float”转换到“int”，可能丢失数据
C:\Users\cyh76\Documents\GitHub\Solutions-GAMES101-CN\Assignment1\Assignment1\rasterizer.cpp(60,16): warning C4244: “=”: 从“float”转换到“int”，可能丢失数据
C:\Users\cyh76\Documents\GitHub\Solutions-GAMES101-CN\Assignment1\Assignment1\rasterizer.cpp(62,52): warning C4244: “参数”: 从“int”转换到“const float”，可能丢失数据
C:\Users\cyh76\Documents\GitHub\Solutions-GAMES101-CN\Assignment1\Assignment1\rasterizer.cpp(62,49): warning C4244: “参数”: 从“int”转换到“const float”，可能丢失数据
C:\Users\cyh76\Documents\GitHub\Solutions-GAMES101-CN\Assignment1\Assignment1\rasterizer.cpp(84,56): warning C4244: “参数”: 从“int”转换到“const float”，可能丢失数据
C:\Users\cyh76\Documents\GitHub\Solutions-GAMES101-CN\Assignment1\Assignment1\rasterizer.cpp(84,53): warning C4244: “参数”: 从“int”转换到“const float”，可能丢失数据
C:\Users\cyh76\Documents\GitHub\Solutions-GAMES101-CN\Assignment1\Assignment1\rasterizer.cpp(92,15): warning C4244: “=”: 从“float”转换到“int”，可能丢失数据
C:\Users\cyh76\Documents\GitHub\Solutions-GAMES101-CN\Assignment1\Assignment1\rasterizer.cpp(93,15): warning C4244: “=”: 从“float”转换到“int”，可能丢失数据
C:\Users\cyh76\Documents\GitHub\Solutions-GAMES101-CN\Assignment1\Assignment1\rasterizer.cpp(94,16): warning C4244: “=”: 从“float”转换到“int”，可能丢失数据
C:\Users\cyh76\Documents\GitHub\Solutions-GAMES101-CN\Assignment1\Assignment1\rasterizer.cpp(98,15): warning C4244: “=”: 从“float”转换到“int”，可能丢失数据
C:\Users\cyh76\Documents\GitHub\Solutions-GAMES101-CN\Assignment1\Assignment1\rasterizer.cpp(99,15): warning C4244: “=”: 从“float”转换到“int”，可能丢失数据
C:\Users\cyh76\Documents\GitHub\Solutions-GAMES101-CN\Assignment1\Assignment1\rasterizer.cpp(100,16): warning C4244: “=”: 从“float”转换到“int”，可能丢失数据
C:\Users\cyh76\Documents\GitHub\Solutions-GAMES101-CN\Assignment1\Assignment1\rasterizer.cpp(102,52): warning C4244: “参数”: 从“int”转换到“const float”，可能丢失数据
C:\Users\cyh76\Documents\GitHub\Solutions-GAMES101-CN\Assignment1\Assignment1\rasterizer.cpp(102,49): warning C4244: “参数”: 从“int”转换到“const float”，可能丢失数据
C:\Users\cyh76\Documents\GitHub\Solutions-GAMES101-CN\Assignment1\Assignment1\rasterizer.cpp(124,56): warning C4244: “参数”: 从“int”转换到“const float”，可能丢失数据
C:\Users\cyh76\Documents\GitHub\Solutions-GAMES101-CN\Assignment1\Assignment1\rasterizer.cpp(124,53): warning C4244: “参数”: 从“int”转换到“const float”，可能丢失数据
C:\Users\cyh76\Documents\GitHub\Solutions-GAMES101-CN\Assignment1\Assignment1\rasterizer.cpp(144,33): warning C4305: “初始化”: 从“double”到“float”截断
C:\Users\cyh76\Documents\GitHub\Solutions-GAMES101-CN\Assignment1\Assignment1\rasterizer.cpp(145,33): warning C4305: “初始化”: 从“double”到“float”截断
C:\Users\cyh76\Documents\GitHub\Solutions-GAMES101-CN\Assignment1\Assignment1\rasterizer.cpp(164,33): warning C4244: “=”: 从“double”转换到“float”，可能丢失数据
C:\Users\cyh76\Documents\GitHub\Solutions-GAMES101-CN\Assignment1\Assignment1\rasterizer.cpp(165,34): warning C4244: “=”: 从“double”转换到“float”，可能丢失数据
C:\Users\cyh76\Documents\GitHub\Solutions-GAMES101-CN\Assignment1\Assignment1\rasterizer.cpp(235,15): warning C4244: “参数”: 从“float”转换到“const unsigned __int64”，可能丢失数据
  正在生成代码
  129 of 1119 functions (11.5%) were compiled, the rest were copied from previous compilation.
    15 functions were new in current compilation
    51 functions had inline decision re-evaluated but remain unchanged
  已完成代码的生成
  Assignment1.vcxproj -> C:\Users\cyh76\Documents\GitHub\Solutions-GAMES101-CN\Assignment1\x64\Release\Assignment1.exe
